> Task :expo-gradle-plugin:expo-autolinking-plugin-shared:checkKotlinGradlePluginConfigurationErrors SKIPPED
> Task :gradle-plugin:settings-plugin:checkKotlinGradlePluginConfigurationErrors SKIPPED
> Task :expo-gradle-plugin:expo-autolinking-settings-plugin:checkKotlinGradlePluginConfigurationErrors SKIPPED
> Task :gradle-plugin:shared:checkKotlinGradlePluginConfigurationErrors SKIPPED
> Task :gradle-plugin:settings-plugin:pluginDescriptors UP-TO-DATE
> Task :gradle-plugin:settings-plugin:processResources UP-TO-DATE
> Task :expo-gradle-plugin:expo-autolinking-settings-plugin:pluginDescriptors UP-TO-DATE
> Task :expo-gradle-plugin:expo-autolinking-settings-plugin:processResources UP-TO-DATE
> Task :expo-gradle-plugin:expo-autolinking-plugin-shared:compileKotlin UP-TO-DATE
> Task :expo-gradle-plugin:expo-autolinking-plugin-shared:compileJava NO-SOURCE
> Task :expo-gradle-plugin:expo-autolinking-plugin-shared:processResources NO-SOURCE
> Task :expo-gradle-plugin:expo-autolinking-plugin-shared:classes UP-TO-DATE
> Task :expo-gradle-plugin:expo-autolinking-plugin-shared:jar UP-TO-DATE
> Task :gradle-plugin:shared:compileKotlin UP-TO-DATE
> Task :gradle-plugin:shared:compileJava NO-SOURCE
> Task :gradle-plugin:shared:processResources NO-SOURCE
> Task :gradle-plugin:shared:classes UP-TO-DATE
> Task :gradle-plugin:shared:jar UP-TO-DATE
> Task :expo-gradle-plugin:expo-autolinking-settings-plugin:compileKotlin UP-TO-DATE
> Task :expo-gradle-plugin:expo-autolinking-settings-plugin:compileJava NO-SOURCE
> Task :expo-gradle-plugin:expo-autolinking-settings-plugin:classes UP-TO-DATE
> Task :expo-gradle-plugin:expo-autolinking-settings-plugin:jar UP-TO-DATE
> Task :gradle-plugin:settings-plugin:compileKotlin UP-TO-DATE
> Task :gradle-plugin:settings-plugin:compileJava NO-SOURCE
> Task :gradle-plugin:settings-plugin:classes UP-TO-DATE
> Task :gradle-plugin:settings-plugin:jar UP-TO-DATE
> Task :expo-gradle-plugin:expo-autolinking-plugin:checkKotlinGradlePluginConfigurationErrors SKIPPED
> Task :expo-gradle-plugin:expo-max-sdk-override-plugin:checkKotlinGradlePluginConfigurationErrors SKIPPED
> Task :expo-module-gradle-plugin:checkKotlinGradlePluginConfigurationErrors SKIPPED
> Task :expo-module-gradle-plugin:pluginDescriptors UP-TO-DATE
> Task :expo-module-gradle-plugin:processResources UP-TO-DATE
> Task :expo-gradle-plugin:expo-max-sdk-override-plugin:compileKotlin UP-TO-DATE
> Task :expo-gradle-plugin:expo-autolinking-plugin:compileKotlin UP-TO-DATE
> Task :expo-gradle-plugin:expo-autolinking-plugin:compileJava NO-SOURCE
> Task :expo-gradle-plugin:expo-max-sdk-override-plugin:compileJava NO-SOURCE
> Task :gradle-plugin:react-native-gradle-plugin:checkKotlinGradlePluginConfigurationErrors SKIPPED
> Task :expo-gradle-plugin:expo-autolinking-plugin:pluginDescriptors UP-TO-DATE
> Task :expo-gradle-plugin:expo-max-sdk-override-plugin:pluginDescriptors UP-TO-DATE
> Task :expo-gradle-plugin:expo-autolinking-plugin:processResources UP-TO-DATE
> Task :expo-gradle-plugin:expo-autolinking-plugin:classes UP-TO-DATE
> Task :expo-gradle-plugin:expo-autolinking-plugin:jar UP-TO-DATE
> Task :expo-gradle-plugin:expo-max-sdk-override-plugin:processResources UP-TO-DATE
> Task :expo-gradle-plugin:expo-max-sdk-override-plugin:classes UP-TO-DATE
> Task :expo-gradle-plugin:expo-max-sdk-override-plugin:jar UP-TO-DATE
> Task :gradle-plugin:react-native-gradle-plugin:compileKotlin UP-TO-DATE
> Task :gradle-plugin:react-native-gradle-plugin:compileJava NO-SOURCE
> Task :gradle-plugin:react-native-gradle-plugin:pluginDescriptors UP-TO-DATE
> Task :gradle-plugin:react-native-gradle-plugin:processResources UP-TO-DATE
> Task :gradle-plugin:react-native-gradle-plugin:classes UP-TO-DATE
> Task :gradle-plugin:react-native-gradle-plugin:jar UP-TO-DATE
> Task :expo-module-gradle-plugin:compileKotlin UP-TO-DATE
> Task :expo-module-gradle-plugin:compileJava NO-SOURCE
> Task :expo-module-gradle-plugin:classes UP-TO-DATE
> Task :expo-module-gradle-plugin:jar UP-TO-DATE

> Configure project :app
 Ôä╣´©Å  [33mApplying gradle plugin[0m '[32mexpo-max-sdk-override-plugin[0m'
  [expo-max-sdk-override-plugin] This plugin will find all permissions declared with `android:maxSdkVersion`. If there exists a declaration with the `android:maxSdkVersion` annotation and another one without, the plugin will remove the annotation from the final merged manifest. In order to see a log with the changes run a clean build of the app.

> Configure project :
[32m[ExpoRootProject][0m Using the following versions:
  - buildTools:  [32m36.0.0[0m
  - minSdk:      [32m24[0m
  - compileSdk:  [32m36[0m
  - targetSdk:   [32m36[0m
  - ndk:         [32m27.1.12297006[0m
  - kotlin:      [32m2.1.20[0m
  - ksp:         [32m2.1.20-2.0.1[0m

> Configure project :expo

Using expo modules
  - [32mexpo-log-box[0m (56.0.13)
  - [32mexpo-constants[0m (56.0.18)
  - [32mexpo-modules-core[0m (56.0.16)
  - [33m[­ƒôª][0m [32mexpo-dom-webview[0m (56.0.5)
  - [33m[­ƒôª][0m [32mexpo-asset[0m (56.0.17)
  - [33m[­ƒôª][0m [32mexpo-file-system[0m (56.0.8)
  - [33m[­ƒôª][0m [32mexpo-font[0m (56.0.6)
  - [33m[­ƒôª][0m [32mexpo-keep-awake[0m (56.0.3)
  - [33m[­ƒôª][0m [32mexpo-status-bar[0m (56.0.4)


> Task :expo-log-box:preBuild UP-TO-DATE
> Task :expo-modules-core:preBuild UP-TO-DATE
> Task :expo:generatePackagesList UP-TO-DATE
> Task :expo:preBuild UP-TO-DATE
> Task :react-native-safe-area-context:generateCodegenSchemaFromJavaScript UP-TO-DATE
> Task :react-native-screens:generateCodegenSchemaFromJavaScript UP-TO-DATE
> Task :app:generateAutolinkingNewArchitectureFiles UP-TO-DATE
> Task :react-native-safe-area-context:generateCodegenArtifactsFromSchema UP-TO-DATE
> Task :react-native-safe-area-context:preBuild UP-TO-DATE
> Task :react-native-screens:generateCodegenArtifactsFromSchema UP-TO-DATE
> Task :expo:preDebugBuild UP-TO-DATE
> Task :react-native-screens:preBuild UP-TO-DATE
> Task :app:generateAutolinkingPackageList UP-TO-DATE
> Task :expo-log-box:preDebugBuild UP-TO-DATE
> Task :app:generateCodegenSchemaFromJavaScript SKIPPED
> Task :expo:writeDebugAarMetadata UP-TO-DATE
> Task :app:generateCodegenArtifactsFromSchema SKIPPED
> Task :expo-log-box:writeDebugAarMetadata UP-TO-DATE
> Task :expo-modules-core:preDebugBuild UP-TO-DATE
> Task :react-native-safe-area-context:preDebugBuild UP-TO-DATE
> Task :expo-modules-core:writeDebugAarMetadata UP-TO-DATE
> Task :app:generateReactNativeEntryPoint UP-TO-DATE
> Task :app:checkKotlinGradlePluginConfigurationErrors SKIPPED
> Task :react-native-safe-area-context:writeDebugAarMetadata UP-TO-DATE
> Task :react-native-screens:preDebugBuild UP-TO-DATE
> Task :react-native-screens:writeDebugAarMetadata UP-TO-DATE
> Task :expo:generateDebugResValues UP-TO-DATE
> Task :expo-log-box:generateDebugResValues UP-TO-DATE
> Task :expo-log-box:generateDebugResources UP-TO-DATE
> Task :expo:generateDebugResources UP-TO-DATE
> Task :expo-log-box:packageDebugResources UP-TO-DATE
> Task :expo-modules-core:generateDebugResValues UP-TO-DATE
> Task :expo-modules-core:generateDebugResources UP-TO-DATE
> Task :expo-modules-core:packageDebugResources UP-TO-DATE
> Task :expo:packageDebugResources UP-TO-DATE
> Task :react-native-screens:generateDebugResValues UP-TO-DATE
> Task :react-native-safe-area-context:generateDebugResValues UP-TO-DATE
> Task :react-native-safe-area-context:generateDebugResources UP-TO-DATE
> Task :react-native-screens:generateDebugResources UP-TO-DATE
> Task :react-native-safe-area-context:packageDebugResources UP-TO-DATE
> Task :expo:extractDeepLinksDebug UP-TO-DATE
> Task :expo:processDebugManifest UP-TO-DATE
> Task :expo-log-box:extractDeepLinksDebug UP-TO-DATE
> Task :expo-log-box:processDebugManifest UP-TO-DATE
> Task :react-native-screens:packageDebugResources UP-TO-DATE
> Task :react-native-safe-area-context:extractDeepLinksDebug UP-TO-DATE
> Task :react-native-screens:extractDeepLinksDebug UP-TO-DATE
> Task :react-native-safe-area-context:processDebugManifest UP-TO-DATE
> Task :react-native-screens:processDebugManifest UP-TO-DATE
> Task :expo:compileDebugLibraryResources UP-TO-DATE
> Task :expo-log-box:compileDebugLibraryResources UP-TO-DATE
> Task :expo-log-box:parseDebugLocalResources UP-TO-DATE
> Task :expo:parseDebugLocalResources UP-TO-DATE
> Task :expo-log-box:generateDebugRFile UP-TO-DATE
> Task :expo:generateDebugRFile UP-TO-DATE
> Task :react-native-safe-area-context:compileDebugLibraryResources UP-TO-DATE
> Task :react-native-screens:compileDebugLibraryResources UP-TO-DATE
> Task :react-native-safe-area-context:parseDebugLocalResources UP-TO-DATE
> Task :react-native-screens:parseDebugLocalResources UP-TO-DATE
> Task :react-native-safe-area-context:generateDebugRFile UP-TO-DATE
> Task :expo:checkKotlinGradlePluginConfigurationErrors SKIPPED
> Task :react-native-screens:generateDebugRFile UP-TO-DATE
> Task :expo-log-box:checkKotlinGradlePluginConfigurationErrors SKIPPED
> Task :expo:generateDebugBuildConfig UP-TO-DATE
> Task :expo-log-box:generateDebugBuildConfig UP-TO-DATE
> Task :expo:javaPreCompileDebug UP-TO-DATE
> Task :react-native-safe-area-context:checkKotlinGradlePluginConfigurationErrors SKIPPED
> Task :expo-log-box:javaPreCompileDebug UP-TO-DATE
> Task :react-native-screens:checkKotlinGradlePluginConfigurationErrors SKIPPED
> Task :react-native-safe-area-context:generateDebugBuildConfig UP-TO-DATE
> Task :react-native-screens:generateDebugBuildConfig UP-TO-DATE
> Task :expo-modules-core:extractDeepLinksDebug UP-TO-DATE
> Task :expo-modules-core:processDebugManifest UP-TO-DATE
> Task :expo-modules-core:compileDebugLibraryResources UP-TO-DATE
> Task :expo-modules-core:parseDebugLocalResources UP-TO-DATE
> Task :expo-modules-core:generateDebugRFile UP-TO-DATE
> Task :expo-modules-core:checkKotlinGradlePluginConfigurationErrors SKIPPED
> Task :expo-modules-core:generateDebugBuildConfig UP-TO-DATE
> Task :react-native-screens:compileDebugKotlin UP-TO-DATE
> Task :react-native-screens:javaPreCompileDebug UP-TO-DATE
> Task :react-native-safe-area-context:compileDebugKotlin UP-TO-DATE
> Task :react-native-safe-area-context:javaPreCompileDebug UP-TO-DATE
> Task :react-native-safe-area-context:compileDebugJavaWithJavac UP-TO-DATE
> Task :react-native-safe-area-context:bundleLibCompileToJarDebug UP-TO-DATE
> Task :expo:mergeDebugShaders UP-TO-DATE
> Task :expo:compileDebugShaders NO-SOURCE
> Task :expo:generateDebugAssets UP-TO-DATE
> Task :expo:mergeDebugAssets UP-TO-DATE
> Task :expo-log-box:mergeDebugShaders UP-TO-DATE
> Task :expo-log-box:compileDebugShaders NO-SOURCE
> Task :expo-log-box:generateDebugAssets UP-TO-DATE
> Task :expo-log-box:mergeDebugAssets UP-TO-DATE
> Task :react-native-safe-area-context:mergeDebugShaders
> Task :react-native-safe-area-context:compileDebugShaders NO-SOURCE
> Task :react-native-safe-area-context:generateDebugAssets UP-TO-DATE
> Task :react-native-safe-area-context:mergeDebugAssets
> Task :react-native-safe-area-context:bundleLibRuntimeToJarDebug
> Task :expo-modules-core:compileDebugKotlin UP-TO-DATE
> Task :expo-modules-core:javaPreCompileDebug UP-TO-DATE

> Task :expo-constants:createExpoConfig

> Task :expo-constants:preBuild
The NODE_ENV environment variable is required but was not specified. Ensure the project is bundled with Expo CLI or NODE_ENV is set. Using only .env.local and .env
> Task :app:preBuild
> Task :app:preDebugBuild
> Task :app:mergeDebugNativeDebugMetadata NO-SOURCE
> Task :app:generateDebugBuildConfig UP-TO-DATE
> Task :expo-constants:preDebugBuild
> Task :expo-constants:writeDebugAarMetadata UP-TO-DATE
> Task :app:checkDebugAarMetadata UP-TO-DATE
> Task :app:generateDebugResValues UP-TO-DATE
> Task :expo-constants:generateDebugResValues UP-TO-DATE
> Task :expo-constants:generateDebugResources UP-TO-DATE
> Task :expo-constants:packageDebugResources UP-TO-DATE
> Task :app:mapDebugSourceSetPaths UP-TO-DATE
> Task :app:generateDebugResources UP-TO-DATE
> Task :app:mergeDebugResources UP-TO-DATE
> Task :app:packageDebugResources UP-TO-DATE
> Task :app:parseDebugLocalResources UP-TO-DATE
> Task :app:createDebugCompatibleScreenManifests UP-TO-DATE
> Task :app:extractDeepLinksDebug UP-TO-DATE
> Task :expo-constants:extractDeepLinksDebug UP-TO-DATE
> Task :expo-constants:processDebugManifest UP-TO-DATE
> Task :app:processDebugMainManifest UP-TO-DATE
> Task :app:expoDebugOverrideMaxSdkConflicts UP-TO-DATE
> Task :app:processDebugManifest UP-TO-DATE
> Task :app:processDebugManifestForPackage UP-TO-DATE
> Task :expo-constants:compileDebugLibraryResources UP-TO-DATE
> Task :expo-constants:parseDebugLocalResources UP-TO-DATE
> Task :expo-constants:generateDebugRFile UP-TO-DATE
> Task :expo-constants:checkKotlinGradlePluginConfigurationErrors SKIPPED
> Task :expo-constants:generateDebugBuildConfig UP-TO-DATE
> Task :expo-constants:javaPreCompileDebug UP-TO-DATE
> Task :app:javaPreCompileDebug UP-TO-DATE
> Task :app:mergeDebugShaders UP-TO-DATE
> Task :app:compileDebugShaders NO-SOURCE
> Task :app:generateDebugAssets UP-TO-DATE
> Task :expo-constants:mergeDebugShaders UP-TO-DATE
> Task :expo-constants:compileDebugShaders NO-SOURCE
> Task :expo-constants:generateDebugAssets UP-TO-DATE
> Task :expo-constants:mergeDebugAssets UP-TO-DATE
> Task :app:desugarDebugFileDependencies UP-TO-DATE
> Task :react-native-safe-area-context:processDebugJavaRes

> Task :expo-modules-core:compileDebugJavaWithJavac
Note: Some input files use or override a deprecated API.
Note: Recompile with -Xlint:deprecation for details.

> Task :react-native-screens:compileDebugJavaWithJavac
> Task :react-native-screens:bundleLibCompileToJarDebug
> Task :react-native-screens:mergeDebugShaders
> Task :react-native-screens:compileDebugShaders NO-SOURCE
> Task :react-native-screens:generateDebugAssets UP-TO-DATE
> Task :react-native-screens:mergeDebugAssets
> Task :react-native-screens:bundleLibRuntimeToJarDebug
> Task :expo-modules-core:mergeDebugShaders UP-TO-DATE
> Task :expo-modules-core:compileDebugShaders NO-SOURCE
> Task :expo-modules-core:generateDebugAssets UP-TO-DATE
> Task :expo-modules-core:mergeDebugAssets UP-TO-DATE
> Task :app:checkDebugDuplicateClasses
> Task :app:processDebugResources
> Task :expo-modules-core:bundleLibCompileToJarDebug
> Task :app:mergeDebugAssets UP-TO-DATE
> Task :app:compressDebugAssets UP-TO-DATE
> Task :expo-modules-core:bundleLibRuntimeToJarDebug

> Task :expo-constants:compileDebugKotlin
w: file:///D:/programacao/estudos/rocketseat/react_native/navigation/node_modules/expo/node_modules/expo-constants/android/src/main/java/expo/modules/constants/ConstantsModule.kt:13:5 'fun Constants(legacyConstantsProvider: () -> Map<String, Any?>): Unit' is deprecated. Use `Constant` or `Property` instead.

> Task :expo-log-box:compileDebugKotlin
> Task :expo-constants:compileDebugJavaWithJavac
> Task :expo-constants:bundleLibCompileToJarDebug
> Task :expo-constants:bundleLibRuntimeToJarDebug
> Task :expo-constants:processDebugJavaRes
> Task :expo-modules-core:processDebugJavaRes
> Task :react-native-screens:processDebugJavaRes
> Task :expo-log-box:compileDebugJavaWithJavac
> Task :expo-log-box:bundleLibCompileToJarDebug
> Task :expo-log-box:bundleLibRuntimeToJarDebug
> Task :expo-log-box:processDebugJavaRes
> Task :react-native-safe-area-context:bundleLibRuntimeToDirDebug
> Task :expo-log-box:bundleLibRuntimeToDirDebug
> Task :app:mergeExtDexDebug
> Task :expo:compileDebugKotlin
> Task :react-native-screens:bundleLibRuntimeToDirDebug
> Task :expo-modules-core:bundleLibRuntimeToDirDebug

> Task :expo:compileDebugKotlin
w: file:///D:/programacao/estudos/rocketseat/react_native/navigation/node_modules/expo/android/src/main/java/expo/modules/ExpoModulesPackage.kt:34:16 This declaration overrides a deprecated member but is not marked as deprecated itself. Add the '@Deprecated' annotation or suppress the diagnostic.
w: file:///D:/programacao/estudos/rocketseat/react_native/navigation/node_modules/expo/android/src/main/java/expo/modules/ReactActivityDelegateWrapper.kt:22:8 'class ReactInstanceManager : Any' is deprecated. Deprecated in Java.
w: file:///D:/programacao/estudos/rocketseat/react_native/navigation/node_modules/expo/android/src/main/java/expo/modules/ReactActivityDelegateWrapper.kt:102:16 This declaration overrides a deprecated member but is not marked as deprecated itself. Add the '@Deprecated' annotation or suppress the diagnostic.
w: file:///D:/programacao/estudos/rocketseat/react_native/navigation/node_modules/expo/android/src/main/java/expo/modules/ReactActivityDelegateWrapper.kt:102:43 'class ReactInstanceManager : Any' is deprecated. Deprecated in Java.
w: file:///D:/programacao/estudos/rocketseat/react_native/navigation/node_modules/expo/android/src/main/java/expo/modules/ReactActivityDelegateWrapper.kt:103:21 'val reactInstanceManager: ReactInstanceManager' is deprecated. Deprecated in Java.
w: file:///D:/programacao/estudos/rocketseat/react_native/navigation/node_modules/expo/android/src/main/java/expo/modules/fetch/ExpoFetchModule.kt:32:39 'constructor(reactContext: ReactContext): ForwardingCookieHandler' is deprecated. Use the default constructor.
w: file:///D:/programacao/estudos/rocketseat/react_native/navigation/node_modules/expo/android/src/main/java/expo/modules/fetch/NativeResponse.kt:42:16 This declaration overrides a deprecated member but is not marked as deprecated itself. Add the '@Deprecated' annotation or suppress the diagnostic.
w: file:///D:/programacao/estudos/rocketseat/react_native/navigation/node_modules/expo/android/src/main/java/expo/modules/fetch/NativeResponse.kt:44:11 'fun deallocate(): Unit' is deprecated. Use sharedObjectDidRelease() instead.

> Task :expo:compileDebugJavaWithJavac
> Task :expo:bundleLibCompileToJarDebug
> Task :expo:bundleLibRuntimeToJarDebug
> Task :expo:processDebugJavaRes
> Task :app:compileDebugKotlin
> Task :app:compileDebugJavaWithJavac
> Task :app:dexBuilderDebug
> Task :app:processDebugJavaRes UP-TO-DATE
> Task :expo:bundleLibRuntimeToDirDebug
> Task :expo-constants:bundleLibRuntimeToDirDebug
> Task :expo:mergeDebugJniLibFolders UP-TO-DATE
> Task :expo:mergeDebugNativeLibs NO-SOURCE
> Task :expo:copyDebugJniLibsProjectOnly UP-TO-DATE
> Task :expo-constants:mergeDebugJniLibFolders
> Task :expo-constants:mergeDebugNativeLibs NO-SOURCE
> Task :expo-constants:copyDebugJniLibsProjectOnly
> Task :expo-log-box:mergeDebugJniLibFolders
> Task :expo-log-box:mergeDebugNativeLibs NO-SOURCE
> Task :expo-log-box:copyDebugJniLibsProjectOnly
> Task :react-native-safe-area-context:mergeDebugJniLibFolders
> Task :react-native-safe-area-context:mergeDebugNativeLibs NO-SOURCE
> Task :react-native-safe-area-context:copyDebugJniLibsProjectOnly

> Task :expo-modules-core:configureCMakeDebug[arm64-v8a]
[CXX5304] This version only understands SDK XML versions up to 3 but an SDK XML file of version 4 was encountered. This can happen if you use versions of Android Studio and the command-line tools that were released at different times.
[CXX5304] This version only understands SDK XML versions up to 3 but an SDK XML file of version 4 was encountered. This can happen if you use versions of Android Studio and the command-line tools that were released at different times.
[CXX5304] package.xml parsing problem. elemento inesperado (uri:"", local:"canary-number"). Os elementos esperados s├úo <{}codename>,<{}layoutlib>,<{}base-extension>,<{}api-level>,<{}extension-level>
[CXX5304] package.xml parsing problem. elemento inesperado (uri:"", local:"canary-number"). Os elementos esperados s├úo <{}codename>,<{}layoutlib>,<{}base-extension>,<{}api-level>,<{}extension-level>

> Task :app:mergeDebugJavaResource
> Task :react-native-screens:configureCMakeDebug[arm64-v8a]
> Task :app:mergeDebugGlobalSynthetics UP-TO-DATE
> Task :app:mergeProjectDexDebug
> Task :app:mergeLibDexDebug
> Task :app:configureCMakeDebug[arm64-v8a]
> Task :react-native-screens:buildCMakeDebug[arm64-v8a]
> Task :expo-modules-core:buildCMakeDebug[arm64-v8a]
> Task :app:buildCMakeDebug[arm64-v8a]

> Task :react-native-screens:buildCMakeDebug[arm64-v8a]
C/C++: Hard link from 'C:\Users\FERNANDO\.gradle\caches\9.3.1\transforms\6f9e22f0c697aaa3166c5b27816d5e7c\workspace\transformed\react-android-0.85.3-debug\prefab\modules\reactnative\libs\android.arm64-v8a\libreactnative.so' to 'D:\programacao\estudos\rocketseat\react_native\navigation\node_modules\react-native-screens\android\build\intermediates\cxx\Debug\5k6kv4z3\obj\arm64-v8a\libreactnative.so' failed. Doing a slower copy instead.
C/C++: Hard link from 'C:\Users\FERNANDO\.gradle\caches\9.3.1\transforms\6f9e22f0c697aaa3166c5b27816d5e7c\workspace\transformed\react-android-0.85.3-debug\prefab\modules\reactnative\libs\android.arm64-v8a\libreactnative.so' to 'D:\programacao\estudos\rocketseat\react_native\navigation\node_modules\react-native-screens\android\build\intermediates\cxx\Debug\5k6kv4z3\obj\arm64-v8a\libreactnative.so' failed. Doing a slower copy instead.

> Task :expo-modules-core:buildCMakeDebug[arm64-v8a]
C/C++: ninja: Entering directory `D:\programacao\estudos\rocketseat\react_native\navigation\node_modules\expo-modules-core\android\.cxx\Debug\6r5f5d6l\arm64-v8a'
C/C++: D:/programacao/estudos/rocketseat/react_native/navigation/node_modules/expo-modules-core/android/src/main/cpp/fabric/ExpoComponentDescriptorFactory.cpp:17:5: warning: 'RawPropsParser' is deprecated [-Wdeprecated-declarations]
C/C++:    17 |     react::RawPropsParser(/*useRawPropsJsiValue=*/true)
C/C++:       |     ^
C/C++: C:/Users/FERNANDO/.gradle/caches/9.3.1/transforms/6f9e22f0c697aaa3166c5b27816d5e7c/workspace/transformed/react-android-0.85.3-debug/prefab/modules/reactnative/include/react/renderer/core/RawPropsParser.h:31:5: note: 'RawPropsParser' has been explicitly marked deprecated here
C/C++:    31 |   [[deprecated]] explicit RawPropsParser(bool /* ignored */) : RawPropsParser() {}
C/C++:       |     ^
C/C++: 1 warning generated.

> Task :react-native-screens:configureCMakeDebug[armeabi-v7a]

> Task :expo-modules-core:buildCMakeDebug[arm64-v8a]
C/C++: Hard link from 'C:\Users\FERNANDO\.gradle\caches\9.3.1\transforms\6f9e22f0c697aaa3166c5b27816d5e7c\workspace\transformed\react-android-0.85.3-debug\prefab\modules\reactnative\libs\android.arm64-v8a\libreactnative.so' to 'D:\programacao\estudos\rocketseat\react_native\navigation\node_modules\expo-modules-core\android\build\intermediates\cxx\Debug\6r5f5d6l\obj\arm64-v8a\libreactnative.so' failed. Doing a slower copy instead.
C/C++: Hard link from 'C:\Users\FERNANDO\.gradle\caches\9.3.1\transforms\6f9e22f0c697aaa3166c5b27816d5e7c\workspace\transformed\react-android-0.85.3-debug\prefab\modules\reactnative\libs\android.arm64-v8a\libreactnative.so' to 'D:\programacao\estudos\rocketseat\react_native\navigation\node_modules\expo-modules-core\android\build\intermediates\cxx\Debug\6r5f5d6l\obj\arm64-v8a\libreactnative.so' failed. Doing a slower copy instead.

> Task :react-native-screens:buildCMakeDebug[armeabi-v7a]
> Task :expo-modules-core:configureCMakeDebug[armeabi-v7a]

> Task :react-native-screens:buildCMakeDebug[armeabi-v7a]
C/C++: Hard link from 'C:\Users\FERNANDO\.gradle\caches\9.3.1\transforms\6f9e22f0c697aaa3166c5b27816d5e7c\workspace\transformed\react-android-0.85.3-debug\prefab\modules\reactnative\libs\android.armeabi-v7a\libreactnative.so' to 'D:\programacao\estudos\rocketseat\react_native\navigation\node_modules\react-native-screens\android\build\intermediates\cxx\Debug\5k6kv4z3\obj\armeabi-v7a\libreactnative.so' failed. Doing a slower copy instead.
C/C++: Hard link from 'C:\Users\FERNANDO\.gradle\caches\9.3.1\transforms\6f9e22f0c697aaa3166c5b27816d5e7c\workspace\transformed\react-android-0.85.3-debug\prefab\modules\reactnative\libs\android.armeabi-v7a\libreactnative.so' to 'D:\programacao\estudos\rocketseat\react_native\navigation\node_modules\react-native-screens\android\build\intermediates\cxx\Debug\5k6kv4z3\obj\armeabi-v7a\libreactnative.so' failed. Doing a slower copy instead.

> Task :expo-modules-core:buildCMakeDebug[armeabi-v7a]
> Task :react-native-screens:configureCMakeDebug[x86]

> Task :app:buildCMakeDebug[arm64-v8a]
C/C++: Hard link from 'C:\Users\FERNANDO\.gradle\caches\9.3.1\transforms\6f9e22f0c697aaa3166c5b27816d5e7c\workspace\transformed\react-android-0.85.3-debug\prefab\modules\reactnative\libs\android.arm64-v8a\libreactnative.so' to 'D:\programacao\estudos\rocketseat\react_native\navigation\android\app\build\intermediates\cxx\Debug\e46322c6\obj\arm64-v8a\libreactnative.so' failed. Doing a slower copy instead.
C/C++: Hard link from 'C:\Users\FERNANDO\.gradle\caches\9.3.1\transforms\6f9e22f0c697aaa3166c5b27816d5e7c\workspace\transformed\react-android-0.85.3-debug\prefab\modules\reactnative\libs\android.arm64-v8a\libreactnative.so' to 'D:\programacao\estudos\rocketseat\react_native\navigation\android\app\build\intermediates\cxx\Debug\e46322c6\obj\arm64-v8a\libreactnative.so' failed. Doing a slower copy instead.

> Task :react-native-screens:buildCMakeDebug[x86]

> Task :expo-modules-core:buildCMakeDebug[armeabi-v7a]
C/C++: ninja: Entering directory `D:\programacao\estudos\rocketseat\react_native\navigation\node_modules\expo-modules-core\android\.cxx\Debug\6r5f5d6l\armeabi-v7a'
C/C++: D:/programacao/estudos/rocketseat/react_native/navigation/node_modules/expo-modules-core/android/src/main/cpp/fabric/ExpoComponentDescriptorFactory.cpp:17:5: warning: 'RawPropsParser' is deprecated [-Wdeprecated-declarations]
C/C++:    17 |     react::RawPropsParser(/*useRawPropsJsiValue=*/true)
C/C++:       |     ^
C/C++: C:/Users/FERNANDO/.gradle/caches/9.3.1/transforms/6f9e22f0c697aaa3166c5b27816d5e7c/workspace/transformed/react-android-0.85.3-debug/prefab/modules/reactnative/include/react/renderer/core/RawPropsParser.h:31:5: note: 'RawPropsParser' has been explicitly marked deprecated here
C/C++:    31 |   [[deprecated]] explicit RawPropsParser(bool /* ignored */) : RawPropsParser() {}
C/C++:       |     ^
C/C++: 1 warning generated.

> Task :app:buildCMakeDebug[arm64-v8a] FAILED

> Task :react-native-screens:buildCMakeDebug[x86]
C/C++: Hard link from 'C:\Users\FERNANDO\.gradle\caches\9.3.1\transforms\6f9e22f0c697aaa3166c5b27816d5e7c\workspace\transformed\react-android-0.85.3-debug\prefab\modules\reactnative\libs\android.x86\libreactnative.so' to 'D:\programacao\estudos\rocketseat\react_native\navigation\node_modules\react-native-screens\android\build\intermediates\cxx\Debug\5k6kv4z3\obj\x86\libreactnative.so' failed. Doing a slower copy instead.
C/C++: Hard link from 'C:\Users\FERNANDO\.gradle\caches\9.3.1\transforms\6f9e22f0c697aaa3166c5b27816d5e7c\workspace\transformed\react-android-0.85.3-debug\prefab\modules\reactnative\libs\android.x86\libreactnative.so' to 'D:\programacao\estudos\rocketseat\react_native\navigation\node_modules\react-native-screens\android\build\intermediates\cxx\Debug\5k6kv4z3\obj\x86\libreactnative.so' failed. Doing a slower copy instead.

> Task :expo-modules-core:buildCMakeDebug[armeabi-v7a]
C/C++: Hard link from 'C:\Users\FERNANDO\.gradle\caches\9.3.1\transforms\6f9e22f0c697aaa3166c5b27816d5e7c\workspace\transformed\react-android-0.85.3-debug\prefab\modules\reactnative\libs\android.armeabi-v7a\libreactnative.so' to 'D:\programacao\estudos\rocketseat\react_native\navigation\node_modules\expo-modules-core\android\build\intermediates\cxx\Debug\6r5f5d6l\obj\armeabi-v7a\libreactnative.so' failed. Doing a slower copy instead.
C/C++: Hard link from 'C:\Users\FERNANDO\.gradle\caches\9.3.1\transforms\6f9e22f0c697aaa3166c5b27816d5e7c\workspace\transformed\react-android-0.85.3-debug\prefab\modules\reactnative\libs\android.armeabi-v7a\libreactnative.so' to 'D:\programacao\estudos\rocketseat\react_native\navigation\node_modules\expo-modules-core\android\build\intermediates\cxx\Debug\6r5f5d6l\obj\armeabi-v7a\libreactnative.so' failed. Doing a slower copy instead.

[Incubating] Problems report is available at: file:///D:/programacao/estudos/rocketseat/react_native/navigation/android/build/reports/problems/problems-report.html

FAILURE: Build failed with an exception.

* What went wrong:
Execution failed for task ':app:buildCMakeDebug[arm64-v8a]'.
> Cannot access output property 'soFolder' of task ':app:buildCMakeDebug[arm64-v8a]'. Accessing unreadable inputs or outputs is not supported. Declare the task as untracked by using Task.doNotTrackState(). For more information, please refer to https://docs.gradle.org/9.3.1/userguide/incremental_build.html#sec:disable-state-tracking in the Gradle documentation.
   > Failed to create MD5 hash for file: D:\programacao\estudos\rocketseat\react_native\navigation\android\app\build\intermediates\cxx\Debug\e46322c6\obj\arm64-v8a\libappmodules.so1669c0c9.tmp (O sistema n├úo pode encontrar o arquivo especificado)

* Try:
> Run with --info or --debug option to get more log output.
> Run with --scan to get full insights from a Build Scan (powered by Develocity).
> Get more help at https://help.gradle.org.

* Exception is:
org.gradle.api.tasks.TaskExecutionException: Execution failed for task ':app:buildCMakeDebug[arm64-v8a]'.
	at org.gradle.api.internal.tasks.execution.CatchExceptionTaskExecuter.execute(CatchExceptionTaskExecuter.java:38)
	at org.gradle.api.internal.tasks.execution.EventFiringTaskExecuter$1.executeTask(EventFiringTaskExecuter.java:77)
	at org.gradle.api.internal.tasks.execution.EventFiringTaskExecuter$1.call(EventFiringTaskExecuter.java:55)
	at org.gradle.api.internal.tasks.execution.EventFiringTaskExecuter$1.call(EventFiringTaskExecuter.java:52)
	at org.gradle.internal.operations.DefaultBuildOperationRunner$CallableBuildOperationWorker.execute(DefaultBuildOperationRunner.java:209)
	at org.gradle.internal.operations.DefaultBuildOperationRunner$CallableBuildOperationWorker.execute(DefaultBuildOperationRunner.java:204)
	at org.gradle.internal.operations.DefaultBuildOperationRunner$2.execute(DefaultBuildOperationRunner.java:66)
	at org.gradle.internal.operations.DefaultBuildOperationRunner$2.execute(DefaultBuildOperationRunner.java:59)
	at org.gradle.internal.operations.DefaultBuildOperationRunner.execute(DefaultBuildOperationRunner.java:166)
	at org.gradle.internal.operations.DefaultBuildOperationRunner.execute(DefaultBuildOperationRunner.java:59)
	at org.gradle.internal.operations.DefaultBuildOperationRunner.call(DefaultBuildOperationRunner.java:53)
	at org.gradle.api.internal.tasks.execution.EventFiringTaskExecuter.execute(EventFiringTaskExecuter.java:52)
	at org.gradle.execution.plan.DefaultNodeExecutor.executeLocalTaskNode(DefaultNodeExecutor.java:55)
	at org.gradle.execution.plan.DefaultNodeExecutor.execute(DefaultNodeExecutor.java:34)
	at org.gradle.execution.taskgraph.DefaultTaskExecutionGraph$InvokeNodeExecutorsAction.execute(DefaultTaskExecutionGraph.java:355)
	at org.gradle.execution.taskgraph.DefaultTaskExecutionGraph$InvokeNodeExecutorsAction.execute(DefaultTaskExecutionGraph.java:343)
	at org.gradle.execution.taskgraph.DefaultTaskExecutionGraph$BuildOperationAwareExecutionAction.lambda$execute$0(DefaultTaskExecutionGraph.java:339)
	at org.gradle.internal.operations.CurrentBuildOperationRef.with(CurrentBuildOperationRef.java:84)
	at org.gradle.execution.taskgraph.DefaultTaskExecutionGraph$BuildOperationAwareExecutionAction.execute(DefaultTaskExecutionGraph.java:339)
	at org.gradle.execution.taskgraph.DefaultTaskExecutionGraph$BuildOperationAwareExecutionAction.execute(DefaultTaskExecutionGraph.java:328)
	at org.gradle.execution.plan.DefaultPlanExecutor$ExecutorWorker.execute(DefaultPlanExecutor.java:459)
	at org.gradle.execution.plan.DefaultPlanExecutor$ExecutorWorker.run(DefaultPlanExecutor.java:376)
	at org.gradle.internal.concurrent.ExecutorPolicy$CatchAndRecordFailures.onExecute(ExecutorPolicy.java:64)
	at org.gradle.internal.concurrent.AbstractManagedExecutor$1.run(AbstractManagedExecutor.java:47)
Caused by: org.gradle.internal.deprecation.DocumentedFailure$DocumentedExceptionWithCause: Cannot access output property 'soFolder' of task ':app:buildCMakeDebug[arm64-v8a]'. Accessing unreadable inputs or outputs is not supported. Declare the task as untracked by using Task.doNotTrackState(). For more information, please refer to https://docs.gradle.org/9.3.1/userguide/incremental_build.html#sec:disable-state-tracking in the Gradle documentation.
	at org.gradle.internal.deprecation.DocumentedFailure$Builder.build(DocumentedFailure.java:79)
	at org.gradle.api.internal.tasks.execution.TaskExecution.decorateSnapshottingException(TaskExecution.java:386)
	at org.gradle.api.internal.tasks.execution.TaskExecution.visitOutputs(TaskExecution.java:366)
	at org.gradle.internal.execution.impl.DefaultOutputSnapshotter.snapshotOutputs(DefaultOutputSnapshotter.java:39)
	at org.gradle.internal.execution.steps.CaptureOutputsAfterExecutionStep.lambda$captureOutputsAfterExecution$1(CaptureOutputsAfterExecutionStep.java:82)
	at org.gradle.internal.execution.steps.BuildOperationStep$1.call(BuildOperationStep.java:38)
	at org.gradle.internal.operations.DefaultBuildOperationRunner$CallableBuildOperationWorker.execute(DefaultBuildOperationRunner.java:209)
	at org.gradle.internal.operations.DefaultBuildOperationRunner$CallableBuildOperationWorker.execute(DefaultBuildOperationRunner.java:204)
	at org.gradle.internal.operations.DefaultBuildOperationRunner$2.execute(DefaultBuildOperationRunner.java:66)
	at org.gradle.internal.operations.DefaultBuildOperationRunner$2.execute(DefaultBuildOperationRunner.java:59)
	at org.gradle.internal.operations.DefaultBuildOperationRunner.execute(DefaultBuildOperationRunner.java:166)
	at org.gradle.internal.operations.DefaultBuildOperationRunner.execute(DefaultBuildOperationRunner.java:59)
	at org.gradle.internal.operations.DefaultBuildOperationRunner.call(DefaultBuildOperationRunner.java:53)
	at org.gradle.internal.execution.steps.BuildOperationStep.operation(BuildOperationStep.java:35)
	at org.gradle.internal.execution.steps.CaptureOutputsAfterExecutionStep.captureOutputsAfterExecution(CaptureOutputsAfterExecutionStep.java:79)
	at org.gradle.internal.execution.steps.CaptureOutputsAfterExecutionStep.lambda$execute$0(CaptureOutputsAfterExecutionStep.java:71)
	at org.gradle.internal.execution.steps.CaptureOutputsAfterExecutionStep.execute(CaptureOutputsAfterExecutionStep.java:71)
	at org.gradle.internal.execution.steps.CaptureOutputsAfterExecutionStep.execute(CaptureOutputsAfterExecutionStep.java:46)
	at org.gradle.internal.execution.steps.ResolveInputChangesStep.executeMutable(ResolveInputChangesStep.java:39)
	at org.gradle.internal.execution.steps.ResolveInputChangesStep.executeMutable(ResolveInputChangesStep.java:28)
	at org.gradle.internal.execution.steps.MutableStep.execute(MutableStep.java:25)
	at org.gradle.internal.execution.steps.BuildCacheStep.executeWithoutCache(BuildCacheStep.java:192)
	at org.gradle.internal.execution.steps.BuildCacheStep.lambda$execute$1(BuildCacheStep.java:76)
	at org.gradle.internal.Either$Right.fold(Either.java:176)
	at org.gradle.internal.execution.caching.CachingState.fold(CachingState.java:62)
	at org.gradle.internal.execution.steps.BuildCacheStep.execute(BuildCacheStep.java:74)
	at org.gradle.internal.execution.steps.BuildCacheStep.execute(BuildCacheStep.java:49)
	at org.gradle.internal.execution.steps.StoreExecutionStateStep.execute(StoreExecutionStateStep.java:46)
	at org.gradle.internal.execution.steps.StoreExecutionStateStep.execute(StoreExecutionStateStep.java:35)
	at org.gradle.internal.execution.steps.SkipUpToDateStep.executeBecause(SkipUpToDateStep.java:75)
	at org.gradle.internal.execution.steps.SkipUpToDateStep.lambda$execute$2(SkipUpToDateStep.java:53)
	at org.gradle.internal.execution.steps.SkipUpToDateStep.execute(SkipUpToDateStep.java:53)
	at org.gradle.internal.execution.steps.SkipUpToDateStep.execute(SkipUpToDateStep.java:35)
	at org.gradle.internal.execution.steps.legacy.MarkSnapshottingInputsFinishedStep.execute(MarkSnapshottingInputsFinishedStep.java:37)
	at org.gradle.internal.execution.steps.legacy.MarkSnapshottingInputsFinishedStep.execute(MarkSnapshottingInputsFinishedStep.java:27)
	at org.gradle.internal.execution.steps.ResolveIncrementalCachingStateStep.executeDelegate(ResolveIncrementalCachingStateStep.java:49)
	at org.gradle.internal.execution.steps.ResolveIncrementalCachingStateStep.executeDelegate(ResolveIncrementalCachingStateStep.java:27)
	at org.gradle.internal.execution.steps.AbstractResolveCachingStateStep.execute(AbstractResolveCachingStateStep.java:71)
	at org.gradle.internal.execution.steps.AbstractResolveCachingStateStep.execute(AbstractResolveCachingStateStep.java:39)
	at org.gradle.internal.execution.steps.ResolveChangesStep.executeMutable(ResolveChangesStep.java:63)
	at org.gradle.internal.execution.steps.ResolveChangesStep.executeMutable(ResolveChangesStep.java:34)
	at org.gradle.internal.execution.steps.MutableStep.execute(MutableStep.java:25)
	at org.gradle.internal.execution.steps.ValidateStep.execute(ValidateStep.java:64)
	at org.gradle.internal.execution.steps.ValidateStep.execute(ValidateStep.java:42)
	at org.gradle.internal.execution.steps.AbstractCaptureStateBeforeExecutionStep.execute(AbstractCaptureStateBeforeExecutionStep.java:77)
	at org.gradle.internal.execution.steps.AbstractCaptureStateBeforeExecutionStep.execute(AbstractCaptureStateBeforeExecutionStep.java:46)
	at org.gradle.internal.execution.steps.AbstractSkipEmptyWorkStep.executeWithNonEmptySources(AbstractSkipEmptyWorkStep.java:133)
	at org.gradle.internal.execution.steps.AbstractSkipEmptyWorkStep.execute(AbstractSkipEmptyWorkStep.java:59)
	at org.gradle.internal.execution.steps.AbstractSkipEmptyWorkStep.execute(AbstractSkipEmptyWorkStep.java:36)
	at org.gradle.internal.execution.steps.legacy.MarkSnapshottingInputsStartedStep.execute(MarkSnapshottingInputsStartedStep.java:38)
	at org.gradle.internal.execution.steps.LoadPreviousExecutionStateStep.execute(LoadPreviousExecutionStateStep.java:36)
	at org.gradle.internal.execution.steps.LoadPreviousExecutionStateStep.execute(LoadPreviousExecutionStateStep.java:23)
	at org.gradle.internal.execution.steps.HandleStaleOutputsStep.executeMutable(HandleStaleOutputsStep.java:77)
	at org.gradle.internal.execution.steps.HandleStaleOutputsStep.executeMutable(HandleStaleOutputsStep.java:43)
	at org.gradle.internal.execution.steps.MutableStep.execute(MutableStep.java:25)
	at org.gradle.internal.execution.steps.AssignMutableWorkspaceStep.lambda$execute$0(AssignMutableWorkspaceStep.java:35)
	at org.gradle.api.internal.tasks.execution.TaskExecution$4.withWorkspace(TaskExecution.java:305)
	at org.gradle.internal.execution.steps.AssignMutableWorkspaceStep.execute(AssignMutableWorkspaceStep.java:31)
	at org.gradle.internal.execution.steps.AssignMutableWorkspaceStep.execute(AssignMutableWorkspaceStep.java:22)
	at org.gradle.internal.execution.steps.ChoosePipelineStep.execute(ChoosePipelineStep.java:40)
	at org.gradle.internal.execution.steps.ChoosePipelineStep.execute(ChoosePipelineStep.java:23)
	at org.gradle.internal.execution.steps.ExecuteWorkBuildOperationFiringStep.lambda$execute$2(ExecuteWorkBuildOperationFiringStep.java:67)
	at org.gradle.internal.execution.steps.ExecuteWorkBuildOperationFiringStep.execute(ExecuteWorkBuildOperationFiringStep.java:67)
	at org.gradle.internal.execution.steps.ExecuteWorkBuildOperationFiringStep.execute(ExecuteWorkBuildOperationFiringStep.java:39)
	at org.gradle.internal.execution.steps.IdentityCacheStep.execute(IdentityCacheStep.java:46)
	at org.gradle.internal.execution.steps.IdentityCacheStep.execute(IdentityCacheStep.java:34)
	at org.gradle.internal.execution.steps.IdentifyStep.execute(IdentifyStep.java:44)
	at org.gradle.internal.execution.steps.IdentifyStep.execute(IdentifyStep.java:31)
	at org.gradle.internal.execution.impl.DefaultExecutionEngine$1.execute(DefaultExecutionEngine.java:68)
	at org.gradle.api.internal.tasks.execution.ExecuteActionsTaskExecuter.executeIfValid(ExecuteActionsTaskExecuter.java:132)
	at org.gradle.api.internal.tasks.execution.ExecuteActionsTaskExecuter.execute(ExecuteActionsTaskExecuter.java:121)
	at org.gradle.api.internal.tasks.execution.ProblemsTaskPathTrackingTaskExecuter.execute(ProblemsTaskPathTrackingTaskExecuter.java:41)
	at org.gradle.api.internal.tasks.execution.FinalizePropertiesTaskExecuter.execute(FinalizePropertiesTaskExecuter.java:46)
	at org.gradle.api.internal.tasks.execution.ResolveTaskExecutionModeExecuter.execute(ResolveTaskExecutionModeExecuter.java:51)
	at org.gradle.api.internal.tasks.execution.SkipTaskWithNoActionsExecuter.execute(SkipTaskWithNoActionsExecuter.java:57)
	at org.gradle.api.internal.tasks.execution.SkipOnlyIfTaskExecuter.execute(SkipOnlyIfTaskExecuter.java:74)
	at org.gradle.api.internal.tasks.execution.CatchExceptionTaskExecuter.execute(CatchExceptionTaskExecuter.java:36)
	... 23 more
Caused by: java.io.UncheckedIOException: Failed to create MD5 hash for file: D:\programacao\estudos\rocketseat\react_native\navigation\android\app\build\intermediates\cxx\Debug\e46322c6\obj\arm64-v8a\libappmodules.so1669c0c9.tmp (O sistema n├úo pode encontrar o arquivo especificado)
	at org.gradle.internal.hash.DefaultFileHasher.hash(DefaultFileHasher.java:38)
	at org.gradle.api.internal.changedetection.state.CachingFileHasher.snapshot(CachingFileHasher.java:94)
	at org.gradle.api.internal.changedetection.state.CachingFileHasher.hash(CachingFileHasher.java:76)
	at org.gradle.api.internal.changedetection.state.SplitFileHasher.hash(SplitFileHasher.java:54)
	at org.gradle.internal.snapshot.impl.DirectorySnapshotter$PathVisitor.snapshotFile(DirectorySnapshotter.java:456)
	at org.gradle.internal.snapshot.impl.DirectorySnapshotter$PathVisitor.visitResolvedFile(DirectorySnapshotter.java:417)
	at org.gradle.internal.snapshot.impl.DirectorySnapshotter$PathVisitor.doVisitFile(DirectorySnapshotter.java:376)
	at org.gradle.internal.snapshot.impl.DirectorySnapshotterStatistics$CollectingFileVisitor.visitFile(DirectorySnapshotterStatistics.java:129)
	at org.gradle.internal.snapshot.impl.DirectorySnapshotterStatistics$CollectingFileVisitor.visitFile(DirectorySnapshotterStatistics.java:110)
	at org.gradle.internal.snapshot.impl.DirectorySnapshotter.snapshot(DirectorySnapshotter.java:127)
	at org.gradle.internal.vfs.impl.DefaultFileSystemAccess.lambda$snapshotAndReuse$11(DefaultFileSystemAccess.java:196)
	at org.gradle.internal.vfs.impl.AbstractVirtualFileSystem.storeWithAction(AbstractVirtualFileSystem.java:91)
	at org.gradle.internal.vfs.impl.DefaultFileSystemAccess.snapshotAndReuse(DefaultFileSystemAccess.java:181)
	at org.gradle.internal.vfs.impl.DefaultFileSystemAccess.snapshot(DefaultFileSystemAccess.java:173)
	at org.gradle.internal.vfs.impl.DefaultFileSystemAccess.lambda$read$5(DefaultFileSystemAccess.java:128)
	at org.gradle.internal.vfs.impl.DefaultFileSystemAccess.lambda$readSnapshotFromLocation$9(DefaultFileSystemAccess.java:155)
	at org.gradle.internal.vfs.impl.DefaultFileSystemAccess$StripedProducerGuard.guardByKey(DefaultFileSystemAccess.java:253)
	at org.gradle.internal.vfs.impl.DefaultFileSystemAccess.lambda$readSnapshotFromLocation$10(DefaultFileSystemAccess.java:152)
	at org.gradle.internal.vfs.impl.DefaultFileSystemAccess.readSnapshotFromLocation(DefaultFileSystemAccess.java:152)
	at org.gradle.internal.vfs.impl.DefaultFileSystemAccess.read(DefaultFileSystemAccess.java:126)
	at org.gradle.internal.fingerprint.impl.DefaultFileCollectionSnapshotter$SnapshottingVisitor.visitCollection(DefaultFileCollectionSnapshotter.java:63)
	at org.gradle.api.internal.file.AbstractOpaqueFileCollection.visitContents(AbstractOpaqueFileCollection.java:59)
	at org.gradle.api.internal.file.AbstractFileCollection.visitStructure(AbstractFileCollection.java:361)
	at org.gradle.api.internal.file.CompositeFileCollection.lambda$visitContents$0(CompositeFileCollection.java:112)
	at org.gradle.api.internal.file.collections.UnpackingVisitor.visitSingleFile(UnpackingVisitor.java:113)
	at org.gradle.api.internal.file.collections.UnpackingVisitor.add(UnpackingVisitor.java:108)
	at org.gradle.api.internal.file.DefaultFileCollectionFactory$ResolvingFileCollection.visitChildren(DefaultFileCollectionFactory.java:311)
	at org.gradle.api.internal.file.CompositeFileCollection.visitContents(CompositeFileCollection.java:112)
	at org.gradle.api.internal.file.AbstractFileCollection.visitStructure(AbstractFileCollection.java:361)
	at org.gradle.internal.fingerprint.impl.DefaultFileCollectionSnapshotter.snapshot(DefaultFileCollectionSnapshotter.java:48)
	at org.gradle.internal.execution.FileCollectionSnapshotter.snapshot(FileCollectionSnapshotter.java:35)
	at org.gradle.internal.execution.impl.DefaultOutputSnapshotter$1.visitOutputProperty(DefaultOutputSnapshotter.java:44)
	at org.gradle.api.internal.tasks.execution.TaskExecution.visitOutputs(TaskExecution.java:360)
	... 97 more
Caused by: java.io.FileNotFoundException: D:\programacao\estudos\rocketseat\react_native\navigation\android\app\build\intermediates\cxx\Debug\e46322c6\obj\arm64-v8a\libappmodules.so1669c0c9.tmp (O sistema n├úo pode encontrar o arquivo especificado)
	at org.gradle.internal.hash.DefaultFileHasher.hash(DefaultFileHasher.java:36)
	... 129 more
Caused by: java.nio.file.NoSuchFileException: D:\programacao\estudos\rocketseat\react_native\navigation\android\app\build\intermediates\cxx\Debug\e46322c6\obj\arm64-v8a\libappmodules.so1669c0c9.tmp
	... 130 more


Deprecated Gradle features were used in this build, making it incompatible with Gradle 10.

You can use '--warning-mode all' to show the individual deprecation warnings and determine if they come from your own scripts or plugins.

For more on this, please refer to https://docs.gradle.org/9.3.1/userguide/command_line_interface.html#sec:command_line_warnings in the Gradle documentation.

BUILD FAILED in 9m 34s
201 actionable tasks: 63 executed, 138 up-to-date
